host: frame
Building DAG of jobs...
Using shell: /opt/conda_env/bin/bash
Provided cores: 16
Rules claiming more threads will be scaled down.
Job stats:
job                   count
------------------  -------
all                       1
copy_files                1
generate_mip_files        1
setup                     1
total                     4

Select jobs to execute...
Execute 2 jobs...

[Wed Oct  9 11:21:13 2024]
localrule generate_mip_files:
    input: /opt/project_resources/mip_ids/mip_arms.txt, /opt/input_sample_sheet_directory/cherrypicked_sample_sheet.tsv, /opt/fastq_dir
    output: /opt/user/wrangled_data/mip_ids/mipArms.txt, /opt/user/wrangled_data/mip_ids/allMipsSamplesNames.tab.txt, /opt/user/wrangled_data/sample_sheet.tsv
    jobid: 2
    reason: Missing output files: /opt/user/wrangled_data/mip_ids/allMipsSamplesNames.tab.txt, /opt/user/wrangled_data/mip_ids/mipArms.txt
    resources: tmpdir=/tmp

[Wed Oct  9 11:21:13 2024]
localrule copy_files:
    input: /opt/snakemake/wrangler_by_sample_setup.smk, /opt/snakemake/wrangler_by_sample_finish.smk, /opt/config/config_v0.5.0.yaml, /opt/snakemake/scripts
    output: /opt/user/wrangled_data/snakemake_params/setup_run.smk, /opt/user/wrangled_data/snakemake_params/finish_run.smk, /opt/user/wrangled_data/snakemake_params/config_v0.5.0.yaml, /opt/user/wrangled_data/snakemake_params/scripts
    jobid: 3
    reason: Missing output files: /opt/user/wrangled_data/snakemake_params/config_v0.5.0.yaml
    resources: tmpdir=/tmp

[Wed Oct  9 11:21:13 2024]
Finished job 3.
1 of 4 steps (25%) done
[Wed Oct  9 11:21:23 2024]
Finished job 2.
2 of 4 steps (50%) done
Select jobs to execute...
Execute 1 jobs...

[Wed Oct  9 11:21:23 2024]
localrule setup:
    input: /opt/user/wrangled_data/mip_ids/mipArms.txt, /opt/user/wrangled_data/mip_ids/allMipsSamplesNames.tab.txt
    output: /opt/user/wrangled_data/setup_finished.txt
    jobid: 1
    reason: Missing output files: /opt/user/wrangled_data/setup_finished.txt; Input files updated by another job: /opt/user/wrangled_data/mip_ids/allMipsSamplesNames.tab.txt, /opt/user/wrangled_data/mip_ids/mipArms.txt
    threads: 16
    resources: tmpdir=/tmp

[Wed Oct  9 11:21:23 2024]
Finished job 1.
3 of 4 steps (75%) done
Select jobs to execute...
Execute 1 jobs...

[Wed Oct  9 11:21:23 2024]
localrule all:
    input: /opt/user/wrangled_data/setup_finished.txt, /opt/user/wrangled_data/snakemake_params/config_v0.5.0.yaml
    jobid: 0
    reason: Input files updated by another job: /opt/user/wrangled_data/setup_finished.txt, /opt/user/wrangled_data/snakemake_params/config_v0.5.0.yaml
    resources: tmpdir=/tmp

[Wed Oct  9 11:21:23 2024]
Finished job 0.
4 of 4 steps (100%) done
Complete log: .snakemake/log/2024-10-09T112112.416869.snakemake.log
