host: frame
Building DAG of jobs...
Using shell: /opt/conda_env/bin/bash
Provided cores: 16
Rules claiming more threads will be scaled down.
Job stats:
job                      count
---------------------  -------
all                          1
copy_params                  1
graph_UMIs                   1
make_repool_table            1
map_haplotypes               1
modify_ozkan_settings        1
parse_info_file              1
total                        7

Select jobs to execute...
Execute 2 jobs...

[Wed Oct  9 11:22:20 2024]
localrule copy_params:
    input: /opt/snakemake/02_check_run_stats.smk, /opt/config/config_v0.5.0.yaml, /opt/snakemake/scripts
    output: /opt/user/stats_and_variant_calling/run_settings/02_check_run_stats.smk, /opt/user/stats_and_variant_calling/run_settings/config_v0.5.0.yaml, /opt/user/stats_and_variant_calling/run_settings/scripts
    jobid: 1
    reason: Missing output files: /opt/user/stats_and_variant_calling/run_settings/02_check_run_stats.smk; Set of input files has changed since last execution; Code has changed since last execution
    resources: tmpdir=/tmp, log_dir=/opt/user/stats_and_variant_calling/run_settings


[Wed Oct  9 11:22:20 2024]
localrule modify_ozkan_settings:
    output: /opt/user/stats_and_variant_calling/settings.txt
    jobid: 5
    reason: Missing output files: /opt/user/stats_and_variant_calling/settings.txt
    resources: tmpdir=/tmp, log_dir=/opt/user/stats_and_variant_calling/run_settings

[Wed Oct  9 11:22:20 2024]
Finished job 1.
1 of 7 steps (14%) done
[Wed Oct  9 11:22:21 2024]
Finished job 5.
2 of 7 steps (29%) done
Select jobs to execute...
Execute 1 jobs...

[Wed Oct  9 11:22:21 2024]
localrule parse_info_file:
    input: /opt/user/stats_and_variant_calling/settings.txt
    output: /opt/user/stats_and_variant_calling/data.tsv, /opt/user/stats_and_variant_calling/samples.tsv, /opt/user/stats_and_variant_calling/unique_haplotypes.csv
    jobid: 4
    reason: Missing output files: /opt/user/stats_and_variant_calling/samples.tsv, /opt/user/stats_and_variant_calling/data.tsv, /opt/user/stats_and_variant_calling/unique_haplotypes.csv; Input files updated by another job: /opt/user/stats_and_variant_calling/settings.txt
    resources: tmpdir=/tmp, log_dir=/opt/user/stats_and_variant_calling/run_settings

[Wed Oct  9 11:22:22 2024]
Finished job 4.
3 of 7 steps (43%) done
Select jobs to execute...
Execute 1 jobs...

[Wed Oct  9 11:22:22 2024]
localrule map_haplotypes:
    input: /opt/user/stats_and_variant_calling/data.tsv, /opt/user/stats_and_variant_calling/samples.tsv, /opt/user/stats_and_variant_calling/unique_haplotypes.csv
    output: /opt/user/stats_and_variant_calling/haplotypes.fq, /opt/user/stats_and_variant_calling/haplotypes_bwa.sam, /opt/user/stats_and_variant_calling/aligned_haplotypes.csv, /opt/user/stats_and_variant_calling/all_haplotypes.csv, /opt/user/stats_and_variant_calling/mapped_haplotypes.csv, /opt/user/stats_and_variant_calling/offtarget_haplotypes.csv, /opt/user/stats_and_variant_calling/run_meta.csv, /opt/user/stats_and_variant_calling/UMI_counts.csv, /opt/user/stats_and_variant_calling/haplotype_counts.csv, /opt/user/stats_and_variant_calling/sample_summary.csv
    jobid: 3
    reason: Missing output files: /opt/user/stats_and_variant_calling/UMI_counts.csv, /opt/user/stats_and_variant_calling/run_meta.csv, /opt/user/stats_and_variant_calling/sample_summary.csv; Input files updated by another job: /opt/user/stats_and_variant_calling/samples.tsv, /opt/user/stats_and_variant_calling/data.tsv, /opt/user/stats_and_variant_calling/unique_haplotypes.csv
    resources: tmpdir=/tmp, mem_mb=200000, mem_mib=190735, time_min=4320, nodes=20, log_dir=/opt/user/stats_and_variant_calling/run_settings

[Wed Oct  9 11:22:24 2024]
Finished job 3.
4 of 7 steps (57%) done
Select jobs to execute...
Execute 2 jobs...

[Wed Oct  9 11:22:24 2024]
localrule make_repool_table:
    input: /opt/user/stats_and_variant_calling/run_meta.csv
    output: /opt/user/stats_and_variant_calling/repool.csv
    jobid: 2
    reason: Missing output files: /opt/user/stats_and_variant_calling/repool.csv; Input files updated by another job: /opt/user/stats_and_variant_calling/run_meta.csv
    resources: tmpdir=/tmp, log_dir=/opt/user/stats_and_variant_calling/run_settings

[Wed Oct  9 11:22:24 2024]
localrule graph_UMIs:
    input: /opt/user/stats_and_variant_calling/UMI_counts.csv, /opt/user/stats_and_variant_calling/sample_summary.csv
    output: /opt/user/stats_and_variant_calling/umi_heatmap.html, /opt/user/stats_and_variant_calling/umi_count_vs_probe_coverage.html
    jobid: 6
    reason: Missing output files: /opt/user/stats_and_variant_calling/umi_heatmap.html; Input files updated by another job: /opt/user/stats_and_variant_calling/UMI_counts.csv, /opt/user/stats_and_variant_calling/sample_summary.csv
    resources: tmpdir=/tmp, log_dir=/opt/user/stats_and_variant_calling/run_settings

[Wed Oct  9 11:22:25 2024]
Finished job 2.
5 of 7 steps (71%) done
[Wed Oct  9 11:22:25 2024]
Finished job 6.
6 of 7 steps (86%) done
Select jobs to execute...
Execute 1 jobs...

[Wed Oct  9 11:22:25 2024]
localrule all:
    input: /opt/user/stats_and_variant_calling/run_settings/02_check_run_stats.smk, /opt/user/stats_and_variant_calling/repool.csv, /opt/user/stats_and_variant_calling/UMI_counts.csv, /opt/user/stats_and_variant_calling/umi_heatmap.html
    jobid: 0
    reason: Input files updated by another job: /opt/user/stats_and_variant_calling/UMI_counts.csv, /opt/user/stats_and_variant_calling/repool.csv, /opt/user/stats_and_variant_calling/umi_heatmap.html, /opt/user/stats_and_variant_calling/run_settings/02_check_run_stats.smk
    resources: tmpdir=/tmp

[Wed Oct  9 11:22:25 2024]
Finished job 0.
7 of 7 steps (100%) done
Complete log: .snakemake/log/2024-10-09T112219.496116.snakemake.log
