host: frame
Building DAG of jobs...
Using shell: /opt/conda_env/bin/bash
Provided cores: 20
Rules claiming more threads will be scaled down.
Job stats:
job            count
-----------  -------
all                1
copy_params        1
total              2

Select jobs to execute...
Execute 1 jobs...

[Tue Oct  8 20:34:36 2024]
localrule copy_params:
    input: /opt/snakemake/02_check_run_stats.smk, /opt/config/config_v0.5.0.yaml, /opt/snakemake/scripts
    output: /opt/user/stats_and_variant_calling/run_settings/02_check_run_stats.smk, /opt/user/stats_and_variant_calling/run_settings/config_v0.5.0.yaml, /opt/user/stats_and_variant_calling/run_settings/scripts
    jobid: 1
    reason: Updated input files: /opt/config/config_v0.5.0.yaml
    resources: tmpdir=/tmp, log_dir=/opt/user/stats_and_variant_calling/run_settings

[Tue Oct  8 20:34:36 2024]
Finished job 1.
1 of 2 steps (50%) done
Select jobs to execute...
Execute 1 jobs...

[Tue Oct  8 20:34:36 2024]
localrule all:
    input: /opt/user/stats_and_variant_calling/run_settings/02_check_run_stats.smk, /opt/user/stats_and_variant_calling/repool.csv, /opt/user/stats_and_variant_calling/UMI_counts.csv, /opt/user/stats_and_variant_calling/umi_heatmap.html
    jobid: 0
    reason: Input files updated by another job: /opt/user/stats_and_variant_calling/run_settings/02_check_run_stats.smk
    resources: tmpdir=/tmp

[Tue Oct  8 20:34:36 2024]
Finished job 0.
2 of 2 steps (100%) done
Complete log: .snakemake/log/2024-10-08T203435.841618.snakemake.log
